{"C:\\Users\\USER\\Desktop\\-\\TP\\GL4\\Test-Logiciel\\TP1\\src\\counter.ts": {"path":"C:\\Users\\USER\\Desktop\\-\\TP\\GL4\\Test-Logiciel\\TP1\\src\\counter.ts","all":true,"statementMap":{"0":{"start":{"line":1,"column":0},"end":{"line":1,"column":58}},"1":{"start":{"line":2,"column":0},"end":{"line":2,"column":17}},"2":{"start":{"line":3,"column":0},"end":{"line":3,"column":41}},"3":{"start":{"line":4,"column":0},"end":{"line":4,"column":19}},"4":{"start":{"line":5,"column":0},"end":{"line":5,"column":45}},"5":{"start":{"line":6,"column":0},"end":{"line":6,"column":3}},"6":{"start":{"line":7,"column":0},"end":{"line":7,"column":66}},"7":{"start":{"line":8,"column":0},"end":{"line":8,"column":15}},"8":{"start":{"line":9,"column":0},"end":{"line":9,"column":1}}},"s":{"0":0,"1":0,"2":0,"3":0,"4":0,"5":0,"6":0,"7":0,"8":0},"branchMap":{"0":{"type":"branch","line":1,"loc":{"start":{"line":1,"column":273},"end":{"line":9,"column":1}},"locations":[{"start":{"line":1,"column":273},"end":{"line":9,"column":1}}]}},"b":{"0":[0]},"fnMap":{"0":{"name":"(empty-report)","decl":{"start":{"line":1,"column":273},"end":{"line":9,"column":1}},"loc":{"start":{"line":1,"column":273},"end":{"line":9,"column":1}},"line":1}},"f":{"0":0}}
,"C:\\Users\\USER\\Desktop\\-\\TP\\GL4\\Test-Logiciel\\TP1\\src\\exercise1.ts": {"path":"C:\\Users\\USER\\Desktop\\-\\TP\\GL4\\Test-Logiciel\\TP1\\src\\exercise1.ts","all":false,"statementMap":{"0":{"start":{"line":1,"column":0},"end":{"line":1,"column":48}},"1":{"start":{"line":2,"column":0},"end":{"line":2,"column":40}},"2":{"start":{"line":3,"column":0},"end":{"line":3,"column":41}},"3":{"start":{"line":4,"column":0},"end":{"line":4,"column":93}},"4":{"start":{"line":5,"column":0},"end":{"line":5,"column":5}},"5":{"start":{"line":6,"column":0},"end":{"line":6,"column":3}},"6":{"start":{"line":7,"column":0},"end":{"line":7,"column":13}},"7":{"start":{"line":8,"column":0},"end":{"line":8,"column":1}}},"s":{"0":1,"1":3,"2":13,"3":8,"4":8,"5":13,"6":3,"7":3},"branchMap":{"0":{"type":"branch","line":1,"loc":{"start":{"line":1,"column":7},"end":{"line":8,"column":1}},"locations":[{"start":{"line":1,"column":7},"end":{"line":8,"column":1}}]},"1":{"type":"branch","line":2,"loc":{"start":{"line":2,"column":39},"end":{"line":6,"column":3}},"locations":[{"start":{"line":2,"column":39},"end":{"line":6,"column":3}}]},"2":{"type":"branch","line":3,"loc":{"start":{"line":3,"column":18},"end":{"line":3,"column":40}},"locations":[{"start":{"line":3,"column":18},"end":{"line":3,"column":40}}]},"3":{"type":"branch","line":3,"loc":{"start":{"line":3,"column":40},"end":{"line":5,"column":5}},"locations":[{"start":{"line":3,"column":40},"end":{"line":5,"column":5}}]}},"b":{"0":[3],"1":[13],"2":[8],"3":[8]},"fnMap":{"0":{"name":"upperCase","decl":{"start":{"line":1,"column":7},"end":{"line":8,"column":1}},"loc":{"start":{"line":1,"column":7},"end":{"line":8,"column":1}},"line":1}},"f":{"0":3}}
,"C:\\Users\\USER\\Desktop\\-\\TP\\GL4\\Test-Logiciel\\TP1\\src\\exercise2.ts": {"path":"C:\\Users\\USER\\Desktop\\-\\TP\\GL4\\Test-Logiciel\\TP1\\src\\exercise2.ts","all":false,"statementMap":{"0":{"start":{"line":1,"column":0},"end":{"line":1,"column":52}},"1":{"start":{"line":2,"column":0},"end":{"line":2,"column":24}},"2":{"start":{"line":3,"column":0},"end":{"line":3,"column":15}},"3":{"start":{"line":4,"column":0},"end":{"line":4,"column":3}},"4":{"start":{"line":5,"column":0},"end":{"line":5,"column":41}},"5":{"start":{"line":6,"column":0},"end":{"line":6,"column":33}},"6":{"start":{"line":7,"column":0},"end":{"line":7,"column":31}},"7":{"start":{"line":8,"column":0},"end":{"line":8,"column":50}},"8":{"start":{"line":9,"column":0},"end":{"line":9,"column":1}},"9":{"start":{"line":10,"column":0},"end":{"line":10,"column":0}},"10":{"start":{"line":11,"column":0},"end":{"line":11,"column":59}},"11":{"start":{"line":12,"column":0},"end":{"line":12,"column":18}},"12":{"start":{"line":13,"column":0},"end":{"line":13,"column":20}},"13":{"start":{"line":14,"column":0},"end":{"line":14,"column":21}},"14":{"start":{"line":15,"column":0},"end":{"line":15,"column":64}},"15":{"start":{"line":16,"column":0},"end":{"line":16,"column":46}},"16":{"start":{"line":17,"column":0},"end":{"line":17,"column":35}},"17":{"start":{"line":18,"column":0},"end":{"line":18,"column":18}},"18":{"start":{"line":19,"column":0},"end":{"line":19,"column":12}},"19":{"start":{"line":20,"column":0},"end":{"line":20,"column":37}},"20":{"start":{"line":21,"column":0},"end":{"line":21,"column":19}},"21":{"start":{"line":22,"column":0},"end":{"line":22,"column":5}},"22":{"start":{"line":23,"column":0},"end":{"line":23,"column":3}},"23":{"start":{"line":24,"column":0},"end":{"line":24,"column":78}},"24":{"start":{"line":25,"column":0},"end":{"line":25,"column":1}}},"s":{"0":1,"1":41,"2":23,"3":23,"4":18,"5":18,"6":18,"7":18,"8":18,"9":1,"10":18,"11":18,"12":18,"13":18,"14":18,"15":38,"16":17,"17":17,"18":38,"19":21,"20":21,"21":21,"22":38,"23":18,"24":18},"branchMap":{"0":{"type":"branch","line":1,"loc":{"start":{"line":1,"column":7},"end":{"line":9,"column":1}},"locations":[{"start":{"line":1,"column":7},"end":{"line":9,"column":1}}]},"1":{"type":"branch","line":2,"loc":{"start":{"line":2,"column":23},"end":{"line":4,"column":3}},"locations":[{"start":{"line":2,"column":23},"end":{"line":4,"column":3}}]},"2":{"type":"branch","line":4,"loc":{"start":{"line":4,"column":2},"end":{"line":9,"column":1}},"locations":[{"start":{"line":4,"column":2},"end":{"line":9,"column":1}}]},"3":{"type":"branch","line":11,"loc":{"start":{"line":11,"column":0},"end":{"line":25,"column":1}},"locations":[{"start":{"line":11,"column":0},"end":{"line":25,"column":1}}]},"4":{"type":"branch","line":15,"loc":{"start":{"line":15,"column":26},"end":{"line":15,"column":63}},"locations":[{"start":{"line":15,"column":26},"end":{"line":15,"column":63}}]},"5":{"type":"branch","line":15,"loc":{"start":{"line":15,"column":63},"end":{"line":23,"column":3}},"locations":[{"start":{"line":15,"column":63},"end":{"line":23,"column":3}}]},"6":{"type":"branch","line":16,"loc":{"start":{"line":16,"column":45},"end":{"line":19,"column":11}},"locations":[{"start":{"line":16,"column":45},"end":{"line":19,"column":11}}]},"7":{"type":"branch","line":19,"loc":{"start":{"line":19,"column":4},"end":{"line":22,"column":5}},"locations":[{"start":{"line":19,"column":4},"end":{"line":22,"column":5}}]}},"b":{"0":[41],"1":[23],"2":[18],"3":[18],"4":[46],"5":[38],"6":[17],"7":[21]},"fnMap":{"0":{"name":"mergeSort","decl":{"start":{"line":1,"column":7},"end":{"line":9,"column":1}},"loc":{"start":{"line":1,"column":7},"end":{"line":9,"column":1}},"line":1},"1":{"name":"merge","decl":{"start":{"line":11,"column":0},"end":{"line":25,"column":1}},"loc":{"start":{"line":11,"column":0},"end":{"line":25,"column":1}},"line":11}},"f":{"0":41,"1":18}}
,"C:\\Users\\USER\\Desktop\\-\\TP\\GL4\\Test-Logiciel\\TP1\\src\\exercise3.ts": {"path":"C:\\Users\\USER\\Desktop\\-\\TP\\GL4\\Test-Logiciel\\TP1\\src\\exercise3.ts","all":false,"statementMap":{"0":{"start":{"line":1,"column":0},"end":{"line":1,"column":31}},"1":{"start":{"line":2,"column":0},"end":{"line":2,"column":16}},"2":{"start":{"line":3,"column":0},"end":{"line":3,"column":14}},"3":{"start":{"line":4,"column":0},"end":{"line":4,"column":13}},"4":{"start":{"line":5,"column":0},"end":{"line":5,"column":12}},"5":{"start":{"line":6,"column":0},"end":{"line":6,"column":38}},"6":{"start":{"line":7,"column":0},"end":{"line":7,"column":1}}},"s":{"0":1,"1":5,"2":5,"3":5,"4":5,"5":5,"6":5},"branchMap":{"0":{"type":"branch","line":1,"loc":{"start":{"line":1,"column":7},"end":{"line":7,"column":1}},"locations":[{"start":{"line":1,"column":7},"end":{"line":7,"column":1}}]},"1":{"type":"branch","line":6,"loc":{"start":{"line":6,"column":18},"end":{"line":6,"column":38}},"locations":[{"start":{"line":6,"column":18},"end":{"line":6,"column":38}}]}},"b":{"0":[5],"1":[4]},"fnMap":{"0":{"name":"isPriceInRange","decl":{"start":{"line":1,"column":7},"end":{"line":7,"column":1}},"loc":{"start":{"line":1,"column":7},"end":{"line":7,"column":1}},"line":1}},"f":{"0":5}}
,"C:\\Users\\USER\\Desktop\\-\\TP\\GL4\\Test-Logiciel\\TP1\\src\\exercise4.ts": {"path":"C:\\Users\\USER\\Desktop\\-\\TP\\GL4\\Test-Logiciel\\TP1\\src\\exercise4.ts","all":false,"statementMap":{"0":{"start":{"line":1,"column":0},"end":{"line":1,"column":41}},"1":{"start":{"line":2,"column":0},"end":{"line":2,"column":61}},"2":{"start":{"line":3,"column":0},"end":{"line":3,"column":21}},"3":{"start":{"line":4,"column":0},"end":{"line":4,"column":51}},"4":{"start":{"line":5,"column":0},"end":{"line":5,"column":3}},"5":{"start":{"line":6,"column":0},"end":{"line":6,"column":37}},"6":{"start":{"line":7,"column":0},"end":{"line":7,"column":25}},"7":{"start":{"line":8,"column":0},"end":{"line":8,"column":1}}},"s":{"0":2,"1":2,"2":2,"3":0,"4":0,"5":2,"6":2,"7":2},"branchMap":{"0":{"type":"branch","line":1,"loc":{"start":{"line":1,"column":0},"end":{"line":8,"column":1}},"locations":[{"start":{"line":1,"column":0},"end":{"line":8,"column":1}}]},"1":{"type":"branch","line":3,"loc":{"start":{"line":3,"column":20},"end":{"line":5,"column":3}},"locations":[{"start":{"line":3,"column":20},"end":{"line":5,"column":3}}]}},"b":{"0":[2],"1":[0]},"fnMap":{"0":{"name":"fetchRandomUser","decl":{"start":{"line":1,"column":0},"end":{"line":8,"column":1}},"loc":{"start":{"line":1,"column":0},"end":{"line":8,"column":1}},"line":1}},"f":{"0":2}}
,"C:\\Users\\USER\\Desktop\\-\\TP\\GL4\\Test-Logiciel\\TP1\\src\\main.ts": {"path":"C:\\Users\\USER\\Desktop\\-\\TP\\GL4\\Test-Logiciel\\TP1\\src\\main.ts","all":true,"statementMap":{"0":{"start":{"line":1,"column":0},"end":{"line":1,"column":20}},"1":{"start":{"line":2,"column":0},"end":{"line":2,"column":45}},"2":{"start":{"line":3,"column":0},"end":{"line":3,"column":32}},"3":{"start":{"line":4,"column":0},"end":{"line":4,"column":43}},"4":{"start":{"line":5,"column":0},"end":{"line":5,"column":0}},"5":{"start":{"line":6,"column":0},"end":{"line":6,"column":61}},"6":{"start":{"line":7,"column":0},"end":{"line":7,"column":7}},"7":{"start":{"line":8,"column":0},"end":{"line":8,"column":49}},"8":{"start":{"line":9,"column":0},"end":{"line":9,"column":60}},"9":{"start":{"line":10,"column":0},"end":{"line":10,"column":8}},"10":{"start":{"line":11,"column":0},"end":{"line":11,"column":62}},"11":{"start":{"line":12,"column":0},"end":{"line":12,"column":80}},"12":{"start":{"line":13,"column":0},"end":{"line":13,"column":8}},"13":{"start":{"line":14,"column":0},"end":{"line":14,"column":30}},"14":{"start":{"line":15,"column":0},"end":{"line":15,"column":22}},"15":{"start":{"line":16,"column":0},"end":{"line":16,"column":50}},"16":{"start":{"line":17,"column":0},"end":{"line":17,"column":10}},"17":{"start":{"line":18,"column":0},"end":{"line":18,"column":29}},"18":{"start":{"line":19,"column":0},"end":{"line":19,"column":58}},"19":{"start":{"line":20,"column":0},"end":{"line":20,"column":8}},"20":{"start":{"line":21,"column":0},"end":{"line":21,"column":8}},"21":{"start":{"line":22,"column":0},"end":{"line":22,"column":1}},"22":{"start":{"line":23,"column":0},"end":{"line":23,"column":0}},"23":{"start":{"line":24,"column":0},"end":{"line":24,"column":68}}},"s":{"0":0,"1":0,"2":0,"3":0,"4":0,"5":0,"6":0,"7":0,"8":0,"9":0,"10":0,"11":0,"12":0,"13":0,"14":0,"15":0,"16":0,"17":0,"18":0,"19":0,"20":0,"21":0,"22":0,"23":0},"branchMap":{"0":{"type":"branch","line":1,"loc":{"start":{"line":1,"column":0},"end":{"line":24,"column":-236}},"locations":[{"start":{"line":1,"column":0},"end":{"line":24,"column":-236}}]}},"b":{"0":[0]},"fnMap":{"0":{"name":"(empty-report)","decl":{"start":{"line":1,"column":0},"end":{"line":24,"column":-236}},"loc":{"start":{"line":1,"column":0},"end":{"line":24,"column":-236}},"line":1}},"f":{"0":0}}
,"C:\\Users\\USER\\Desktop\\-\\TP\\GL4\\Test-Logiciel\\TP1\\src\\math.ts": {"path":"C:\\Users\\USER\\Desktop\\-\\TP\\GL4\\Test-Logiciel\\TP1\\src\\math.ts","all":false,"statementMap":{"0":{"start":{"line":1,"column":0},"end":{"line":1,"column":51}},"1":{"start":{"line":2,"column":0},"end":{"line":2,"column":15}},"2":{"start":{"line":3,"column":0},"end":{"line":3,"column":1}}},"s":{"0":1,"1":1,"2":1},"branchMap":{"0":{"type":"branch","line":1,"loc":{"start":{"line":1,"column":7},"end":{"line":3,"column":1}},"locations":[{"start":{"line":1,"column":7},"end":{"line":3,"column":1}}]}},"b":{"0":[1]},"fnMap":{"0":{"name":"add","decl":{"start":{"line":1,"column":7},"end":{"line":3,"column":1}},"loc":{"start":{"line":1,"column":7},"end":{"line":3,"column":1}},"line":1}},"f":{"0":1}}
}
